2023-08-23T19:01:22.728499Z: t=3718: Info: AppShell: Begin reset (AppShell.cpp.musync::AppShell::reset.328)
2023-08-23T19:01:22.824656Z: t=3718: Info: jura: Stopped network monitor (NetworkMonitor_win.cpp.`anonymous-namespace'::WNetworkMonitor::stop.286)
2023-08-23T19:01:22.835627Z: t=1ff0: Info: app: Stopping IM HealthCheck timer (AppController.cpp.musync::AppControllerImpl::stopIMHealthCheckTimer.1089)
2023-08-23T19:01:22.837174Z: t=1ff0: Info: app: Begin Shutting down (AppController.cpp.musync::AppControllerImpl::stopHandler.621)
2023-08-23T19:01:22.838426Z: t=1ff0: Info: ipc: Broadcasting sync.out.broadcast.app.shuttingdown ff71e6be-7cfc-4d43-a965-8ef6cfdeca78 (CoreSyncController.cpp.musync::CoreSyncControllerImpl::LogHelper::sendBroadcast.292)
2023-08-23T19:01:22.849157Z: t=1ff0: Warning: ipc: Setting _isMachineShutdown. Not broadcasting vulcan.SuiteMessage.sync.out.broadcast.app.shuttingdown as machine is shutting down. (VulcanMessageAdapter.cpp.cosy::VulcanMessageAdapter::sendMessage.492)
2023-08-23T19:01:22.853097Z: t=1ff0: Info: app: Sending ETS event for: CORESYNC_PROCESS_SHUTTING_DOWN_QUIT.CORESYNC_PROCESS (AppController.cpp.musync::AppControllerImpl::dispatchCoreSyncProcessNotification.437)
2023-08-23T19:01:22.853917Z: t=1ff0: Info: AnalyticsEnvironment: IngestEventProcessor::sendEvent for Process:thor-quit:stop (IngestEventProcesssor.cpp.musync::analyticsPrivate::IngestEventProcessor::sendEvent.355)
2023-08-23T19:01:22.854805Z: t=1ff0: Info: app: End Shutting down (AppController.cpp.musync::AppControllerImpl::stopHandler.621)
2023-08-23T19:01:22.918384Z: t=3718: Info: jura.db: Closed database at C:\Users\PSD ARTIST\AppData\Roaming\Adobe\CoreSync\coresync.db (Database.cpp.jura::Database::close.165)
2023-08-23T19:01:22.926385Z: t=3718: Info: AppHookControllerImpl::onShutdown in
2023-08-23T19:01:22.927612Z: t=3718: Info: [livetype] onShutdown
2023-08-23T19:01:22.927881Z: t=3718: Info: [livetype]  broadcastText any.livetype.StateChanged (broadcast: running=FALSE, signedIn=FALSE, syncStatus=OFF)
2023-08-23T19:01:22.928077Z: t=3718: Warning: ipc: Not broadcasting vulcan.SuiteMessage.any.livetype.StateChanged as machine is shutting down. (VulcanMessageAdapter.cpp.cosy::VulcanMessageAdapter::sendMessage.483)
2023-08-23T19:01:22.928981Z: t=3d18: Info: [livetype]  disableFontSync
2023-08-23T19:01:22.929713Z: t=3d18: Info: [livetype] deactivated all fonts
2023-08-23T19:01:22.953121Z: t=3718: Info: AppHookControllerImpl::onShutdown out
2023-08-23T23:50:43.362036Z: t=2484: Info: ipc: Begin VulcanMessageAdapter initialization (VulcanMessageAdapter.cpp.cosy::VulcanMessageAdapter::VulcanMessageAdapter.165)
2023-08-23T23:50:43.364047Z: t=2484: Always: ipc: VulcanMessageAdapter configuring IVulcanMessageDispatcher (VulcanMessageAdapter.cpp.cosy::VulcanMessageAdapter::VulcanMessageAdapter.167)
2023-08-23T23:50:43.364783Z: t=2484: Always: ipc: VulcanMessageAdapter not ready, wait (VulcanMessageAdapter.cpp.cosy::VulcanMessageAdapter::VulcanMessageAdapter.212)
2023-08-23T23:50:43.427854Z: t=2484: Always: ipc: VulcanMessageAdapter refreshing endpoints (VulcanMessageAdapter.cpp.cosy::VulcanMessageAdapter::VulcanMessageAdapter.221)
2023-08-23T23:50:43.431297Z: t=2484: Always: ipc: VulcanMessageAdapter refresh pending, wait... (VulcanMessageAdapter.cpp.cosy::VulcanMessageAdapter::VulcanMessageAdapter.229)
2023-08-23T23:50:43.431507Z: t=0a30: Always: ipc: VulcanMessageAdapter switching to point to point (VulcanMessageAdapter.cpp.cosy::VulcanMessageAdapter::refreshEndPointsCallback.105)
2023-08-23T23:50:43.488200Z: t=2484: Always: ipc: VulcanMessageAdapter initialization done (VulcanMessageAdapter.cpp.cosy::VulcanMessageAdapter::VulcanMessageAdapter.244)
2023-08-23T23:50:43.488392Z: t=2484: Info: ipc: End VulcanMessageAdapter initialization (VulcanMessageAdapter.cpp.cosy::VulcanMessageAdapter::VulcanMessageAdapter.165)
2023-08-23T23:50:43.490043Z: t=2484: Error: cssettings: Failed in reading registry for feature : ParallelConnectionsLimit Error : Cannot open registry key 'Software\Policies\Adobe\CreativeCloud' in 'HKEY_CURRENT_USER': The system cannot find the file specified. (error 2) (cssettings.cpp.sibcrux::CsGetFeatureValue.1863)
2023-08-23T23:50:43.490282Z: t=2484: Info: cssettings: Feature ParallelConnectionsLimit value is  (cssettings.cpp.sibcrux::CsGetFeatureValue.1885)
2023-08-23T23:50:43.490400Z: t=2484: Info: parallelConnectionsLimit %d: 10 (cssettings.cpp.sibcrux::CsGetParallelConnectionLimit.1746)
2023-08-23T23:50:43.494157Z: t=2484: Always: GUDE: GUDE Logging Started (GudeLog.cpp.gude::gudeInitLog.134)
2023-08-23T23:50:43.496313Z: t=2484: Info: GUDE: SqliteResumeCache::openDB sqliteResumeTransfer.db successfully opened (SqliteResumeCache.cpp.gude::SqliteResumeCache::openDB.386)
2023-08-23T23:50:43.497372Z: t=2484: Info: GUDE: SqliteResumeCache.sqlOperation : Database Integrity Verification Started (SqliteResumeCache.cpp.gude::<lambda_46a4e96247cbf53517c6784f959ccad8>::operator ().81)
2023-08-23T23:50:43.497888Z: t=2484: Info: GUDE: SqliteResumeCache.sqlOperation : Database Integrity Verification Succeeded (SqliteResumeCache.cpp.gude::<lambda_46a4e96247cbf53517c6784f959ccad8>::operator ().81)
2023-08-23T23:50:43.498052Z: t=2484: Info: GUDE: SqliteResumeCache.sqlOperation : Database Schema Verification Started (SqliteResumeCache.cpp.gude::<lambda_46a4e96247cbf53517c6784f959ccad8>::operator ().81)
2023-08-23T23:50:43.499689Z: t=2484: Info: GUDE: SqliteResumeCache.sqlOperation : Database Schema Verification Succeeded (SqliteResumeCache.cpp.gude::<lambda_46a4e96247cbf53517c6784f959ccad8>::operator ().81)
2023-08-23T23:50:43.499832Z: t=2484: Info: GUDE: SqliteResumeCache.sqlOperation : Database Foreign Key Verification Started (SqliteResumeCache.cpp.gude::<lambda_46a4e96247cbf53517c6784f959ccad8>::operator ().81)
2023-08-23T23:50:43.500155Z: t=2484: Info: GUDE: SqliteResumeCache.sqlOperation : Database Foreign Key Verification Succeeded (SqliteResumeCache.cpp.gude::<lambda_46a4e96247cbf53517c6784f959ccad8>::operator ().81)
2023-08-23T23:50:43.500289Z: t=2484: Info: GUDE: SqliteResumeCache::SqliteResumeCache sqliteResumeTransfer.db successfully opened (SqliteResumeCache.cpp.gude::SqliteResumeCache::SqliteResumeCache.358)
2023-08-23T23:50:43.500428Z: t=2484: Info: GUDE: SQL success in enabling foreign key constraint (SqliteResumeCache.cpp.gude::SqliteResumeCache::enableForeignKeyConstraints.1784)
2023-08-23T23:50:43.500540Z: t=2484: Warning: GUDE: SqliteResumeCache::clearOutdatedCache deleting outdated cache (SqliteResumeCache.cpp.gude::SqliteResumeCache::clearOutdatedCache.799)
2023-08-23T23:50:43.501047Z: t=2484: Info: GUDE: SqliteResumeCache::SqliteResumeCache sqliteResumeTransfer.db successfully opened (SqliteResumeCache.cpp.gude::SqliteResumeCache::SqliteResumeCache.364)
2023-08-23T23:50:43.501444Z: t=2484: Info: GUDE: gude policy POLICY_USER limit (10,16,2) chunk 10485760, chunking (UL 0 DL 1), resXfer 1, adapt 0, NSURL 1, timeout 86400  (GudeEngineImpl.cpp.gude::GudeEngineImpl::GudeEngineImpl.76)
2023-08-23T23:50:43.501564Z: t=2484: Info: GUDE: Initialized -- gude-lib version: v0.16.1-hf1 app: gude (gude.cpp.gudeCreate::<lambda_deacf4a4799738c110111a66a0286d25>::operator ().44)
2023-08-23T23:50:43.502158Z: t=2484: Warning: GUDE: Ignoring attempt to reinit logging to C:\Users\PSD ARTIST\AppData\Roaming\Adobe\CoreSync\GUDE\gude at level 4 retaining 3 days of logs (GudeLog.cpp.gude::gudeInitLog.137)
2023-08-23T23:50:43.503941Z: t=2484: Info: GUDE: SqliteResumeCache::openDB sqliteResumeTransfer.db successfully opened (SqliteResumeCache.cpp.gude::SqliteResumeCache::openDB.386)
2023-08-23T23:50:43.504610Z: t=2484: Info: GUDE: SqliteResumeCache.sqlOperation : Database Integrity Verification Started (SqliteResumeCache.cpp.gude::<lambda_46a4e96247cbf53517c6784f959ccad8>::operator ().81)
2023-08-23T23:50:43.505069Z: t=2484: Info: GUDE: SqliteResumeCache.sqlOperation : Database Integrity Verification Succeeded (SqliteResumeCache.cpp.gude::<lambda_46a4e96247cbf53517c6784f959ccad8>::operator ().81)
2023-08-23T23:50:43.505216Z: t=2484: Info: GUDE: SqliteResumeCache.sqlOperation : Database Schema Verification Started (SqliteResumeCache.cpp.gude::<lambda_46a4e96247cbf53517c6784f959ccad8>::operator ().81)
2023-08-23T23:50:43.506765Z: t=2484: Info: GUDE: SqliteResumeCache.sqlOperation : Database Schema Verification Succeeded (SqliteResumeCache.cpp.gude::<lambda_46a4e96247cbf53517c6784f959ccad8>::operator ().81)
2023-08-23T23:50:43.506911Z: t=2484: Info: GUDE: SqliteResumeCache.sqlOperation : Database Foreign Key Verification Started (SqliteResumeCache.cpp.gude::<lambda_46a4e96247cbf53517c6784f959ccad8>::operator ().81)
2023-08-23T23:50:43.507146Z: t=2484: Info: GUDE: SqliteResumeCache.sqlOperation : Database Foreign Key Verification Succeeded (SqliteResumeCache.cpp.gude::<lambda_46a4e96247cbf53517c6784f959ccad8>::operator ().81)
2023-08-23T23:50:43.507260Z: t=2484: Info: GUDE: SqliteResumeCache::SqliteResumeCache sqliteResumeTransfer.db successfully opened (SqliteResumeCache.cpp.gude::SqliteResumeCache::SqliteResumeCache.358)
2023-08-23T23:50:43.507378Z: t=2484: Info: GUDE: SQL success in enabling foreign key constraint (SqliteResumeCache.cpp.gude::SqliteResumeCache::enableForeignKeyConstraints.1784)
2023-08-23T23:50:43.507480Z: t=2484: Warning: GUDE: SqliteResumeCache::clearOutdatedCache deleting outdated cache (SqliteResumeCache.cpp.gude::SqliteResumeCache::clearOutdatedCache.799)
2023-08-23T23:50:43.507925Z: t=2484: Info: GUDE: SqliteResumeCache::SqliteResumeCache sqliteResumeTransfer.db successfully opened (SqliteResumeCache.cpp.gude::SqliteResumeCache::SqliteResumeCache.364)
2023-08-23T23:50:43.508306Z: t=2484: Info: GUDE: gude policy POLICY_USER limit (8,16,2) chunk 10485760, chunking (UL 0 DL 1), resXfer 1, adapt 0, NSURL 1, timeout 86400  (GudeEngineImpl.cpp.gude::GudeEngineImpl::GudeEngineImpl.76)
2023-08-23T23:50:43.508430Z: t=2484: Info: GUDE: Initialized -- gude-lib version: v0.16.1-hf1 app: gude (gude.cpp.gudeCreate::<lambda_deacf4a4799738c110111a66a0286d25>::operator ().44)
2023-08-23T23:50:43.514452Z: t=2484: Info: GetFolderPersistence: Constructing FolderPersistence (CoreSyncDBEnvironment.cpp.musync::CoreSyncDBEnvironment::<lambda_cb36a772acff64e408f00716299ee039>::operator ().28)
2023-08-23T23:50:43.516219Z: t=2484: Info: jura.db: Opened database at C:\Users\PSD ARTIST\AppData\Roaming\Adobe\CoreSync\coresync.db (Database.cpp.jura::Database::Database.104)
2023-08-23T23:50:43.521964Z: t=2484: Info: AppShell: Cleared temp folder for skye abstract uploads, downloads: C:\Users\PSDART~1\AppData\Local\TempskyeTemp (AppShell.cpp.musync::AppShell::AppShell.101)
2023-08-23T23:50:43.522546Z: t=2484: Info: transfer: setTargetDataRates: 0 upload, 0 download (TransferEngineImpl.cpp.jura::TransferEngineImpl::setTargetDataRates.890)
2023-08-23T23:50:43.522685Z: t=2484: Info: transfer: setTargetDataRates: 0 upload, 0 download (TransferEngineImpl.cpp.jura::TransferEngineImpl::setTargetDataRates.890)
2023-08-23T23:50:43.524466Z: t=2484: Info: IdentityManager: Begin Creating IdentityManagerImpl (IdentityManager.cpp.adobe::identitymanagement::IdentityManagerImpl::getInstance::<lambda_e017e2322e5f721d311d7d859bd9b648>::operator ().1022)
2023-08-23T23:50:43.524743Z: t=2484: Info: IdentityManager: IMConfig localConfig : {retryInitialInterval_:1000,retryMaxInterval_:20000,spuriousHandleInitialInterval_:120000,spuriousHandleMaxInterval_:600000,healthCheckMultiplier_:4,healthCheckNRMultiplier_:12,healthCheckMaxInterval_:1800000,healthCheckNRMaxInterval_:86400000,forceTokenRefreshDelay_:86399400,authFailFallbackDelay_:3600000,minAdvanceAuthRefreshDelay_:300,imsClientID_: } (IdentityManager.cpp.adobe::identitymanagement::IdentityManagerImpl::setIMConfigs.237)
2023-08-23T23:50:43.524893Z: t=2484: Info: IdentityManager: End Creating IdentityManagerImpl (IdentityManager.cpp.adobe::identitymanagement::IdentityManagerImpl::getInstance::<lambda_e017e2322e5f721d311d7d859bd9b648>::operator ().1022)
2023-08-23T23:50:43.534079Z: t=2484: Info: AppShell: Begin start (AppShell.cpp.musync::AppShell::startup.227)
2023-08-23T23:50:43.534504Z: t=2484: Always: CrashReportingEnvironment: crash reporting is not enabled. (CrashReportingEnvironment.cpp.musync::CrashReportingEnvironment::start.75)
2023-08-23T23:50:43.534871Z: t=53c0: Info: NglWrapper: Begin initializeNGL PROD (NglWrapper.cpp.adobe::identitymanagement::NglWrapper::initializeNGL.159)
2023-08-23T23:50:43.535200Z: t=2484: Error: ACSL.PropStore: cannot open propstore Invalid argument (ACSLPropStore.cpp.AdobeACSL::ACSLPropStore::CreatePropStorePath.179)
2023-08-23T23:50:43.556298Z: t=2484: Info: dcx.logger: dcx-cpp v7.6.3 The default DCX logger has been replaced. Any further attempts to do so will be ignored. (DCXLogging.cpp.setLogger.213)
2023-08-23T23:50:43.556510Z: t=2484: Always: RetroEnvironment: reportAppVersionString: CoreSync v.6.5.3.1 x86 (RetroEnvironment.cpp.musync::reportAppVersionString.57)
2023-08-23T23:50:43.556948Z: t=2484: Always: RetroEnvironment: reportDetailedOsVersionInfo: OSVer: 10.0.0; AppVer: 6.5.3.1 (RetroEnvironment.cpp.musync::reportDetailedOsVersionInfo.78)
2023-08-23T23:50:43.557075Z: t=2484: Always: RetroEnvironment: reportHostVersionInfo: kHostVersion: 34 (RetroEnvironment.cpp.musync::reportHostVersionInfo.87)
2023-08-23T23:50:43.557993Z: t=2484: Info: Loading plugins from folder: 'C:\Program Files (x86)\Adobe\Adobe Sync\CoreSyncPlugins'
2023-08-23T23:50:43.558406Z: t=2484: Info: Loading plugins from folder: 'C:\Program Files (x86)\Adobe\Adobe Sync\CoreSyncPlugins\LiveType'
2023-08-23T23:50:43.561175Z: t=2484: Info: Plugin loaded: 'C:\Program Files (x86)\Adobe\Adobe Sync\CoreSyncPlugins\LiveType\LiveType.dll'
2023-08-23T23:50:43.561403Z: t=2484: Info: AppHookControllerImpl::onStartup in
2023-08-23T23:50:43.562229Z: t=2484: Info: [livetype] onStartup
2023-08-23T23:50:43.562456Z: t=2484: Info: [livetype] LiveType Version: 1.3.10
2023-08-23T23:50:43.564891Z: t=2484: Info: [livetype]  broadcastText any.livetype.StateChanged (broadcast: running=TRUE, signedIn=FALSE, syncStatus=OFF)
2023-08-23T23:50:43.565904Z: t=2484: Info: [livetype] onStartup => success
2023-08-23T23:50:43.566054Z: t=2484: Info: AppHookControllerImpl::onStartup out
2023-08-23T23:50:43.566178Z: t=2484: Info: jura: Begin Starting network monitor (NetworkMonitor_win.cpp.`anonymous-namespace'::WNetworkMonitor::start.195)
2023-08-23T23:50:43.621273Z: t=2484: Info: jura: End Starting network monitor (NetworkMonitor_win.cpp.`anonymous-namespace'::WNetworkMonitor::start.195)
2023-08-23T23:50:43.621913Z: t=2484: Info: FolderPersistenceSqliteImpl: VerifyAndRepair: checking DB structure (FolderPersistenceSqliteImpl.cpp.sibcrux::SyncSvc::FolderPersistenceSqliteImpl::VerifyAndRepair.586)
2023-08-23T23:50:43.622560Z: t=2484: Info: jura.db.verification: Database Integrity Verification Started (DatabaseVerifier.cpp.jura::DatabaseVerifier::verifyIntegrity.346)
2023-08-23T23:50:43.623053Z: t=2484: Info: jura.db.verification: Database Integrity Verification Succeeded (DatabaseVerifier.cpp.jura::DatabaseVerifier::verifyIntegrity.361)
2023-08-23T23:50:43.623367Z: t=2484: Info: jura.db.verification: Database Schema Verification Started (DatabaseVerifier.cpp.jura::DatabaseVerifier::verifySchema.371)
2023-08-23T23:50:43.624477Z: t=2484: Info: jura.db.verification: Database Schema Verification Succeeded (DatabaseVerifier.cpp.jura::DatabaseVerifier::verifySchema.415)
2023-08-23T23:50:43.624631Z: t=2484: Info: FolderPersistenceSqliteImpl: VerifyAndRepair: result is 1 (FolderPersistenceSqliteImpl.cpp.sibcrux::SyncSvc::FolderPersistenceSqliteImpl::VerifyAndRepair.611)
2023-08-23T23:50:43.624864Z: t=2484: Info: CoreSyncDBEnvironment: coresync.db migration successful/not required already on latest schema (CoreSyncDBEnvironment.cpp.musync::CoreSyncDBEnvironment::start.51)
2023-08-23T23:50:43.624970Z: t=2484: Info: LocalisingEnvironment: start (LocalisingEnvironment.cpp.musync::LocalisingEnvironment::start.30)
2023-08-23T23:50:43.651441Z: t=2484: Info: jura.db: Opened database at C:\Users\PSD ARTIST\AppData\Roaming\Adobe\CoreSync\CCCg_a5a94add1efb8f7012d938cfb3de6e60.db (Database.cpp.jura::Database::Database.104)
2023-08-23T23:50:43.654868Z: t=2484: Info: jura.db.verification: Database Integrity Verification Started (DatabaseVerifier.cpp.jura::DatabaseVerifier::verifyIntegrity.346)
2023-08-23T23:50:43.658389Z: t=2484: Info: jura.db.verification: Database Integrity Verification Succeeded (DatabaseVerifier.cpp.jura::DatabaseVerifier::verifyIntegrity.361)
2023-08-23T23:50:43.658850Z: t=2484: Info: jura.db.verification: Database Integrity Verification Started (DatabaseVerifier.cpp.jura::DatabaseVerifier::verifyIntegrity.346)
2023-08-23T23:50:43.659302Z: t=2484: Info: jura.db.verification: Database Integrity Verification Succeeded (DatabaseVerifier.cpp.jura::DatabaseVerifier::verifyIntegrity.361)
2023-08-23T23:50:43.659441Z: t=2484: Info: jura.db.verification: Database Schema Verification Started (DatabaseVerifier.cpp.jura::DatabaseVerifier::verifySchema.371)
2023-08-23T23:50:43.660018Z: t=2484: Info: jura.db.verification: Database Schema Verification Succeeded (DatabaseVerifier.cpp.jura::DatabaseVerifier::verifySchema.415)
2023-08-23T23:50:43.660549Z: t=2484: Info: jura.db: Closed database at C:\Users\PSD ARTIST\AppData\Roaming\Adobe\CoreSync\CCCg_a5a94add1efb8f7012d938cfb3de6e60.db (Database.cpp.jura::Database::close.165)
2023-08-23T23:50:43.663110Z: t=5ab8: Info: app: Begin Starting up (AppController.cpp.musync::AppControllerImpl::startHandler.498)
2023-08-23T23:50:43.667140Z: t=5ab8: Info: app: Sending ETS event for: CORESYNC_PROCESS_STARTING_UP.CORESYNC_PROCESS (AppController.cpp.musync::AppControllerImpl::dispatchCoreSyncProcessNotification.437)
2023-08-23T23:50:43.667444Z: t=5ab8: Info: AnalyticsEnvironment: IngestEventProcessor::sendEvent for Process:process:start (IngestEventProcesssor.cpp.musync::analyticsPrivate::IngestEventProcessor::sendEvent.355)
2023-08-23T23:50:43.667832Z: t=5ab8: Info: ipc: Broadcasting sync.out.broadcast.app.startedup 0f87ccbe-7b61-4a88-94ff-f7d5ef3bda65 (CoreSyncController.cpp.musync::CoreSyncControllerImpl::LogHelper::sendBroadcast.292)
2023-08-23T23:50:43.668985Z: t=5ab8: Error: cssettings: Failed in reading registry for feature : MaxLogFileSize Error : Cannot open registry key 'Software\Policies\Adobe\CreativeCloud' in 'HKEY_CURRENT_USER': The system cannot find the file specified. (error 2) (cssettings.cpp.sibcrux::CsGetFeatureValue.1863)
2023-08-23T23:50:43.669125Z: t=5ab8: Info: cssettings: Feature MaxLogFileSize value is  (cssettings.cpp.sibcrux::CsGetFeatureValue.1885)
2023-08-23T23:50:43.669317Z: t=5ab8: Info: IdentityManager: Begin initializeNGL (IdentityManager.cpp.adobe::identitymanagement::IdentityManagerImpl::setHandlers.205)
2023-08-23T23:50:43.669430Z: t=0f5c: Info: cssettings: Failed to read from registry: Cannot read registry value 'LogFileDaysLimit' in 'HKEY_CURRENT_USER\Software\Adobe\CreativeCloud' (cssettings.cpp.sibcrux::CsGetLogFileDaysLimit.1706)
2023-08-23T23:50:43.669444Z: t=5ab8: Info: IdentityManager: isCachedProfileValid - No UserProfile cached (IdentityManager.cpp.adobe::identitymanagement::IdentityManagerImpl::isCachedProfileValid.709)
2023-08-23T23:50:43.669912Z: t=0a30: Info: [livetype] onTextReceived sync.out.broadcast.app.startedup
2023-08-23T23:50:43.670207Z: t=0f5c: Info: LOG_FILE_DAYS_LIMIT : 30 (cssettings.cpp.sibcrux::CsCleanUpOldLogFiles.684)
2023-08-23T23:50:43.670333Z: t=5ab8: Info: IdentityManager: End initializeNGL (IdentityManager.cpp.adobe::identitymanagement::IdentityManagerImpl::setHandlers.205)
2023-08-23T23:50:43.670883Z: t=5ab8: Info: app: Starting IM HealthCheck timer (AppController.cpp.musync::AppControllerImpl::startIMHealthCheckTimer.1076)
2023-08-23T23:50:43.671082Z: t=5ab8: Info: app: End Starting up (AppController.cpp.musync::AppControllerImpl::startHandler.498)
2023-08-23T23:50:43.671227Z: t=2484: Info: AppShell: End start (AppShell.cpp.musync::AppShell::startup.227)
2023-08-23T23:50:43.685569Z: t=0f5c: Info: app: setTargetDataRates: 0 upload, 0 download (AppController.cpp.musync::AppControllerImpl::LogPreferencesData.494)
2023-08-23T23:50:43.745966Z: t=53c0: Info: NglWrapper: End initializeNGL PROD (NglWrapper.cpp.adobe::identitymanagement::NglWrapper::initializeNGL.159)
2023-08-23T23:50:43.750244Z: t=4d50: Info: IdentityManager: profileReadyNotifier - pId 2 (IdentityManager.cpp.adobe::identitymanagement::IdentityManagerImpl::initialize::<lambda_640d88d6311162b65a816a7c3feeab56>::operator ().187)
2023-08-23T23:50:43.750671Z: t=53c0: Info: IdentityManager: Begin handleNGLProfileUpdate (IdentityManager.cpp.adobe::identitymanagement::IdentityManagerImpl::handleNGLProfileUpdate.947)
2023-08-23T23:50:43.750832Z: t=53c0: Info: IdentityManager: handleNGLProfileUpdate - pId 2 code: NglStatusCode:403 (IdentityManager.cpp.adobe::identitymanagement::IdentityManagerImpl::handleNGLProfileUpdate.959)
2023-08-23T23:50:43.750974Z: t=53c0: Info: AnalyticsEnvironment: IngestEventProcessor::sendEvent for Profile Update:profile-update:info (IngestEventProcesssor.cpp.musync::analyticsPrivate::IngestEventProcessor::sendEvent.355)
2023-08-23T23:50:43.751112Z: t=53c0: Info: IdentityManager: Resetting - profile  (IdentityManager.cpp.adobe::identitymanagement::IdentityManagerImpl::resetUserProfile.693)
2023-08-23T23:50:43.751213Z: t=53c0: Info: IdentityManager: End handleNGLProfileUpdate (IdentityManager.cpp.adobe::identitymanagement::IdentityManagerImpl::handleNGLProfileUpdate.947)
2023-08-24T01:57:02.613021Z: t=12ec: Info: jura: Connectivity change was: online, now: offline (NetworkMonitor_win.cpp.`anonymous-namespace'::NetworkEventSink::ConnectivityChanged.145)
2023-08-24T01:57:03.161608Z: t=39dc: Info: jura:  sendNotificationTask: _state: offline (NetworkMonitor_win.cpp.`anonymous-namespace'::NetworkEventSink::{ctor}::<lambda_6eff3d311e5c55b0f7531743bce83e87>::operator ().56)
2023-08-24T01:57:05.296410Z: t=5188: Info: jura: Connectivity change was: offline, now: online (NetworkMonitor_win.cpp.`anonymous-namespace'::NetworkEventSink::ConnectivityChanged.145)
2023-08-24T01:57:05.811327Z: t=39dc: Info: jura:  sendNotificationTask: _state: online (NetworkMonitor_win.cpp.`anonymous-namespace'::NetworkEventSink::{ctor}::<lambda_6eff3d311e5c55b0f7531743bce83e87>::operator ().56)
2023-08-24T06:05:37.254038Z: t=0a30: Info: ipc: Receiving sync.in.request.app.setlogsetting f5555b26-ca6c-4531-adbd-c65079f2d5a9 << PHXS
<?xml version="1.0" encoding="utf-8"?>
<message>
  <logToConsole>0</logToConsole>
  <logfilesize>10485760.000000</logfilesize>
  <loglevel>3</loglevel>
  <requestid>f5555b26-ca6c-4531-adbd-c65079f2d5a9</requestid>
  <type>sync.in.request.app.setlogsetting</type>
</message>
 (CoreSyncController.cpp.musync::CoreSyncControllerImpl::LogHelper::receiveMessage.277)
2023-08-24T06:05:38.051487Z: t=0a30: Info: [livetype] onTextReceived livetype.HasStartedUpRequest
2023-08-24T06:05:38.052740Z: t=0a30: Info: [livetype]  sendText apps.livetype.HasStartedUpResponse ()
2023-08-24T06:05:38.054720Z: t=0a30: Info: [livetype] onTextReceived livetype.PreferencesRequest
2023-08-24T06:05:38.054950Z: t=0a30: Info: [livetype]  sendText apps.livetype.PreferencesResponse (OFF,signedIn=FALSE)
2023-08-24T09:19:29.801387Z: t=3904: Info: system: Dispatching incoming SLEEP event (WSystemObserver.cpp.musync::WSystemObserverImpl::translateNotification.106)
2023-08-24T09:19:29.808772Z: t=3904: Info: AnalyticsEnvironment: IngestEventProcessor::sendEvent for System State:sleep:info (IngestEventProcesssor.cpp.musync::analyticsPrivate::IngestEventProcessor::sendEvent.355)
2023-08-24T09:19:40.040938Z: t=4460: Info: jura: Connectivity change was: online, now: offline (NetworkMonitor_win.cpp.`anonymous-namespace'::NetworkEventSink::ConnectivityChanged.145)
2023-08-24T09:19:40.545151Z: t=2294: Info: jura:  sendNotificationTask: _state: offline (NetworkMonitor_win.cpp.`anonymous-namespace'::NetworkEventSink::{ctor}::<lambda_6eff3d311e5c55b0f7531743bce83e87>::operator ().56)
2023-08-24T09:19:40.727594Z: t=3904: Info: system: Dispatching incoming WAKE event (WSystemObserver.cpp.musync::WSystemObserverImpl::translateNotification.92)
2023-08-24T09:19:40.728113Z: t=3904: Info: AnalyticsEnvironment: IngestEventProcessor::sendEvent for System State:wakeup:info (IngestEventProcesssor.cpp.musync::analyticsPrivate::IngestEventProcessor::sendEvent.355)
2023-08-24T09:19:43.335827Z: t=4460: Info: jura: Connectivity change was: offline, now: online (NetworkMonitor_win.cpp.`anonymous-namespace'::NetworkEventSink::ConnectivityChanged.145)
2023-08-24T09:19:43.850396Z: t=2294: Info: jura:  sendNotificationTask: _state: online (NetworkMonitor_win.cpp.`anonymous-namespace'::NetworkEventSink::{ctor}::<lambda_6eff3d311e5c55b0f7531743bce83e87>::operator ().56)
2023-08-24T09:20:31.470647Z: t=2484: Info: AppShell: Begin reset (AppShell.cpp.musync::AppShell::reset.328)
2023-08-24T09:20:31.494124Z: t=2484: Info: jura: Stopped network monitor (NetworkMonitor_win.cpp.`anonymous-namespace'::WNetworkMonitor::stop.286)
2023-08-24T09:20:31.507218Z: t=5ab8: Info: app: Stopping IM HealthCheck timer (AppController.cpp.musync::AppControllerImpl::stopIMHealthCheckTimer.1089)
2023-08-24T09:20:31.509405Z: t=5ab8: Info: app: Begin Shutting down (AppController.cpp.musync::AppControllerImpl::stopHandler.621)
2023-08-24T09:20:31.511565Z: t=5ab8: Info: ipc: Broadcasting sync.out.broadcast.app.shuttingdown 891272d1-fa57-4d64-b815-0a91a4e9e9e0 (CoreSyncController.cpp.musync::CoreSyncControllerImpl::LogHelper::sendBroadcast.292)
2023-08-24T09:20:31.511820Z: t=5ab8: Warning: ipc: Setting _isMachineShutdown. Not broadcasting vulcan.SuiteMessage.sync.out.broadcast.app.shuttingdown as machine is shutting down. (VulcanMessageAdapter.cpp.cosy::VulcanMessageAdapter::sendMessage.492)
2023-08-24T09:20:31.517104Z: t=5ab8: Info: app: Sending ETS event for: CORESYNC_PROCESS_SHUTTING_DOWN_QUIT.CORESYNC_PROCESS (AppController.cpp.musync::AppControllerImpl::dispatchCoreSyncProcessNotification.437)
2023-08-24T09:20:31.520611Z: t=5ab8: Info: AnalyticsEnvironment: IngestEventProcessor::sendEvent for Process:thor-quit:stop (IngestEventProcesssor.cpp.musync::analyticsPrivate::IngestEventProcessor::sendEvent.355)
2023-08-24T09:20:31.524168Z: t=5ab8: Info: app: End Shutting down (AppController.cpp.musync::AppControllerImpl::stopHandler.621)
2023-08-24T09:20:31.552573Z: t=2484: Info: jura.db: Closed database at C:\Users\PSD ARTIST\AppData\Roaming\Adobe\CoreSync\coresync.db (Database.cpp.jura::Database::close.165)
2023-08-24T09:20:31.556472Z: t=2484: Info: AppHookControllerImpl::onShutdown in
2023-08-24T09:20:31.557517Z: t=2484: Info: [livetype] onShutdown
2023-08-24T09:20:31.558155Z: t=2484: Info: [livetype]  broadcastText any.livetype.StateChanged (broadcast: running=FALSE, signedIn=FALSE, syncStatus=OFF)
2023-08-24T09:20:31.558345Z: t=2484: Warning: ipc: Not broadcasting vulcan.SuiteMessage.any.livetype.StateChanged as machine is shutting down. (VulcanMessageAdapter.cpp.cosy::VulcanMessageAdapter::sendMessage.483)
2023-08-24T09:20:31.558674Z: t=1d44: Info: [livetype]  disableFontSync
2023-08-24T09:20:31.559185Z: t=1d44: Info: [livetype] deactivated all fonts
2023-08-24T09:20:31.562759Z: t=2484: Info: AppHookControllerImpl::onShutdown out
2023-08-24T14:07:47.071925Z: t=5518: Info: ipc: Begin VulcanMessageAdapter initialization (VulcanMessageAdapter.cpp.cosy::VulcanMessageAdapter::VulcanMessageAdapter.165)
2023-08-24T14:07:47.073531Z: t=5518: Always: ipc: VulcanMessageAdapter configuring IVulcanMessageDispatcher (VulcanMessageAdapter.cpp.cosy::VulcanMessageAdapter::VulcanMessageAdapter.167)
2023-08-24T14:07:47.074012Z: t=5518: Always: ipc: VulcanMessageAdapter not ready, wait (VulcanMessageAdapter.cpp.cosy::VulcanMessageAdapter::VulcanMessageAdapter.212)
2023-08-24T14:07:47.139167Z: t=5518: Always: ipc: VulcanMessageAdapter refreshing endpoints (VulcanMessageAdapter.cpp.cosy::VulcanMessageAdapter::VulcanMessageAdapter.221)
2023-08-24T14:07:47.140253Z: t=5518: Always: ipc: VulcanMessageAdapter refresh pending, wait... (VulcanMessageAdapter.cpp.cosy::VulcanMessageAdapter::VulcanMessageAdapter.229)
2023-08-24T14:07:47.140695Z: t=20c8: Always: ipc: VulcanMessageAdapter switching to point to point (VulcanMessageAdapter.cpp.cosy::VulcanMessageAdapter::refreshEndPointsCallback.105)
2023-08-24T14:07:47.201897Z: t=5518: Always: ipc: VulcanMessageAdapter initialization done (VulcanMessageAdapter.cpp.cosy::VulcanMessageAdapter::VulcanMessageAdapter.244)
2023-08-24T14:07:47.202282Z: t=5518: Info: ipc: End VulcanMessageAdapter initialization (VulcanMessageAdapter.cpp.cosy::VulcanMessageAdapter::VulcanMessageAdapter.165)
2023-08-24T14:07:47.203264Z: t=5518: Error: cssettings: Failed in reading registry for feature : ParallelConnectionsLimit Error : Cannot open registry key 'Software\Policies\Adobe\CreativeCloud' in 'HKEY_CURRENT_USER': The system cannot find the file specified. (error 2) (cssettings.cpp.sibcrux::CsGetFeatureValue.1863)
2023-08-24T14:07:47.203389Z: t=5518: Info: cssettings: Feature ParallelConnectionsLimit value is  (cssettings.cpp.sibcrux::CsGetFeatureValue.1885)
2023-08-24T14:07:47.203459Z: t=5518: Info: parallelConnectionsLimit %d: 10 (cssettings.cpp.sibcrux::CsGetParallelConnectionLimit.1746)
2023-08-24T14:07:47.205913Z: t=5518: Always: GUDE: GUDE Logging Started (GudeLog.cpp.gude::gudeInitLog.134)
2023-08-24T14:07:47.207229Z: t=5518: Info: GUDE: SqliteResumeCache::openDB sqliteResumeTransfer.db successfully opened (SqliteResumeCache.cpp.gude::SqliteResumeCache::openDB.386)
2023-08-24T14:07:47.207783Z: t=5518: Info: GUDE: SqliteResumeCache.sqlOperation : Database Integrity Verification Started (SqliteResumeCache.cpp.gude::<lambda_46a4e96247cbf53517c6784f959ccad8>::operator ().81)
2023-08-24T14:07:47.208076Z: t=5518: Info: GUDE: SqliteResumeCache.sqlOperation : Database Integrity Verification Succeeded (SqliteResumeCache.cpp.gude::<lambda_46a4e96247cbf53517c6784f959ccad8>::operator ().81)
2023-08-24T14:07:47.208170Z: t=5518: Info: GUDE: SqliteResumeCache.sqlOperation : Database Schema Verification Started (SqliteResumeCache.cpp.gude::<lambda_46a4e96247cbf53517c6784f959ccad8>::operator ().81)
2023-08-24T14:07:47.209330Z: t=5518: Info: GUDE: SqliteResumeCache.sqlOperation : Database Schema Verification Succeeded (SqliteResumeCache.cpp.gude::<lambda_46a4e96247cbf53517c6784f959ccad8>::operator ().81)
2023-08-24T14:07:47.209442Z: t=5518: Info: GUDE: SqliteResumeCache.sqlOperation : Database Foreign Key Verification Started (SqliteResumeCache.cpp.gude::<lambda_46a4e96247cbf53517c6784f959ccad8>::operator ().81)
2023-08-24T14:07:47.209646Z: t=5518: Info: GUDE: SqliteResumeCache.sqlOperation : Database Foreign Key Verification Succeeded (SqliteResumeCache.cpp.gude::<lambda_46a4e96247cbf53517c6784f959ccad8>::operator ().81)
2023-08-24T14:07:47.209764Z: t=5518: Info: GUDE: SqliteResumeCache::SqliteResumeCache sqliteResumeTransfer.db successfully opened (SqliteResumeCache.cpp.gude::SqliteResumeCache::SqliteResumeCache.358)
2023-08-24T14:07:47.209853Z: t=5518: Info: GUDE: SQL success in enabling foreign key constraint (SqliteResumeCache.cpp.gude::SqliteResumeCache::enableForeignKeyConstraints.1784)
2023-08-24T14:07:47.209940Z: t=5518: Warning: GUDE: SqliteResumeCache::clearOutdatedCache deleting outdated cache (SqliteResumeCache.cpp.gude::SqliteResumeCache::clearOutdatedCache.799)
2023-08-24T14:07:47.210485Z: t=5518: Info: GUDE: SqliteResumeCache::SqliteResumeCache sqliteResumeTransfer.db successfully opened (SqliteResumeCache.cpp.gude::SqliteResumeCache::SqliteResumeCache.364)
2023-08-24T14:07:47.210782Z: t=5518: Info: GUDE: gude policy POLICY_USER limit (10,16,2) chunk 10485760, chunking (UL 0 DL 1), resXfer 1, adapt 0, NSURL 1, timeout 86400  (GudeEngineImpl.cpp.gude::GudeEngineImpl::GudeEngineImpl.76)
2023-08-24T14:07:47.210863Z: t=5518: Info: GUDE: Initialized -- gude-lib version: v0.16.1-hf1 app: gude (gude.cpp.gudeCreate::<lambda_deacf4a4799738c110111a66a0286d25>::operator ().44)
2023-08-24T14:07:47.211363Z: t=5518: Warning: GUDE: Ignoring attempt to reinit logging to C:\Users\PSD ARTIST\AppData\Roaming\Adobe\CoreSync\GUDE\gude at level 4 retaining 3 days of logs (GudeLog.cpp.gude::gudeInitLog.137)
2023-08-24T14:07:47.212523Z: t=5518: Info: GUDE: SqliteResumeCache::openDB sqliteResumeTransfer.db successfully opened (SqliteResumeCache.cpp.gude::SqliteResumeCache::openDB.386)
2023-08-24T14:07:47.213089Z: t=5518: Info: GUDE: SqliteResumeCache.sqlOperation : Database Integrity Verification Started (SqliteResumeCache.cpp.gude::<lambda_46a4e96247cbf53517c6784f959ccad8>::operator ().81)
2023-08-24T14:07:47.213343Z: t=5518: Info: GUDE: SqliteResumeCache.sqlOperation : Database Integrity Verification Succeeded (SqliteResumeCache.cpp.gude::<lambda_46a4e96247cbf53517c6784f959ccad8>::operator ().81)
2023-08-24T14:07:47.213405Z: t=5518: Info: GUDE: SqliteResumeCache.sqlOperation : Database Schema Verification Started (SqliteResumeCache.cpp.gude::<lambda_46a4e96247cbf53517c6784f959ccad8>::operator ().81)
2023-08-24T14:07:47.213986Z: t=5518: Info: GUDE: SqliteResumeCache.sqlOperation : Database Schema Verification Succeeded (SqliteResumeCache.cpp.gude::<lambda_46a4e96247cbf53517c6784f959ccad8>::operator ().81)
2023-08-24T14:07:47.214033Z: t=5518: Info: GUDE: SqliteResumeCache.sqlOperation : Database Foreign Key Verification Started (SqliteResumeCache.cpp.gude::<lambda_46a4e96247cbf53517c6784f959ccad8>::operator ().81)
2023-08-24T14:07:47.214123Z: t=5518: Info: GUDE: SqliteResumeCache.sqlOperation : Database Foreign Key Verification Succeeded (SqliteResumeCache.cpp.gude::<lambda_46a4e96247cbf53517c6784f959ccad8>::operator ().81)
2023-08-24T14:07:47.214170Z: t=5518: Info: GUDE: SqliteResumeCache::SqliteResumeCache sqliteResumeTransfer.db successfully opened (SqliteResumeCache.cpp.gude::SqliteResumeCache::SqliteResumeCache.358)
2023-08-24T14:07:47.214218Z: t=5518: Info: GUDE: SQL success in enabling foreign key constraint (SqliteResumeCache.cpp.gude::SqliteResumeCache::enableForeignKeyConstraints.1784)
2023-08-24T14:07:47.214261Z: t=5518: Warning: GUDE: SqliteResumeCache::clearOutdatedCache deleting outdated cache (SqliteResumeCache.cpp.gude::SqliteResumeCache::clearOutdatedCache.799)
2023-08-24T14:07:47.214440Z: t=5518: Info: GUDE: SqliteResumeCache::SqliteResumeCache sqliteResumeTransfer.db successfully opened (SqliteResumeCache.cpp.gude::SqliteResumeCache::SqliteResumeCache.364)
2023-08-24T14:07:47.214617Z: t=5518: Info: GUDE: gude policy POLICY_USER limit (8,16,2) chunk 10485760, chunking (UL 0 DL 1), resXfer 1, adapt 0, NSURL 1, timeout 86400  (GudeEngineImpl.cpp.gude::GudeEngineImpl::GudeEngineImpl.76)
2023-08-24T14:07:47.214671Z: t=5518: Info: GUDE: Initialized -- gude-lib version: v0.16.1-hf1 app: gude (gude.cpp.gudeCreate::<lambda_deacf4a4799738c110111a66a0286d25>::operator ().44)
2023-08-24T14:07:47.216906Z: t=5518: Info: GetFolderPersistence: Constructing FolderPersistence (CoreSyncDBEnvironment.cpp.musync::CoreSyncDBEnvironment::<lambda_cb36a772acff64e408f00716299ee039>::operator ().28)
2023-08-24T14:07:47.217912Z: t=5518: Info: jura.db: Opened database at C:\Users\PSD ARTIST\AppData\Roaming\Adobe\CoreSync\coresync.db (Database.cpp.jura::Database::Database.104)
2023-08-24T14:07:47.219259Z: t=5518: Info: AppShell: Cleared temp folder for skye abstract uploads, downloads: C:\Users\PSDART~1\AppData\Local\TempskyeTemp (AppShell.cpp.musync::AppShell::AppShell.101)
2023-08-24T14:07:47.219535Z: t=5518: Info: transfer: setTargetDataRates: 0 upload, 0 download (TransferEngineImpl.cpp.jura::TransferEngineImpl::setTargetDataRates.890)
2023-08-24T14:07:47.219597Z: t=5518: Info: transfer: setTargetDataRates: 0 upload, 0 download (TransferEngineImpl.cpp.jura::TransferEngineImpl::setTargetDataRates.890)
2023-08-24T14:07:47.220181Z: t=5518: Info: IdentityManager: Begin Creating IdentityManagerImpl (IdentityManager.cpp.adobe::identitymanagement::IdentityManagerImpl::getInstance::<lambda_e017e2322e5f721d311d7d859bd9b648>::operator ().1022)
2023-08-24T14:07:47.220351Z: t=5518: Info: IdentityManager: IMConfig localConfig : {retryInitialInterval_:1000,retryMaxInterval_:20000,spuriousHandleInitialInterval_:120000,spuriousHandleMaxInterval_:600000,healthCheckMultiplier_:4,healthCheckNRMultiplier_:12,healthCheckMaxInterval_:1800000,healthCheckNRMaxInterval_:86400000,forceTokenRefreshDelay_:86399400,authFailFallbackDelay_:3600000,minAdvanceAuthRefreshDelay_:300,imsClientID_: } (IdentityManager.cpp.adobe::identitymanagement::IdentityManagerImpl::setIMConfigs.237)
2023-08-24T14:07:47.220444Z: t=5518: Info: IdentityManager: End Creating IdentityManagerImpl (IdentityManager.cpp.adobe::identitymanagement::IdentityManagerImpl::getInstance::<lambda_e017e2322e5f721d311d7d859bd9b648>::operator ().1022)
2023-08-24T14:07:47.223769Z: t=5518: Info: AppShell: Begin start (AppShell.cpp.musync::AppShell::startup.227)
2023-08-24T14:07:47.223868Z: t=5518: Always: CrashReportingEnvironment: crash reporting is not enabled. (CrashReportingEnvironment.cpp.musync::CrashReportingEnvironment::start.75)
2023-08-24T14:07:47.224014Z: t=521c: Info: NglWrapper: Begin initializeNGL PROD (NglWrapper.cpp.adobe::identitymanagement::NglWrapper::initializeNGL.159)
2023-08-24T14:07:47.224176Z: t=5518: Error: ACSL.PropStore: cannot open propstore Invalid argument (ACSLPropStore.cpp.AdobeACSL::ACSLPropStore::CreatePropStorePath.179)
2023-08-24T14:07:47.233249Z: t=5518: Info: dcx.logger: dcx-cpp v7.6.3 The default DCX logger has been replaced. Any further attempts to do so will be ignored. (DCXLogging.cpp.setLogger.213)
2023-08-24T14:07:47.233359Z: t=5518: Always: RetroEnvironment: reportAppVersionString: CoreSync v.6.5.3.1 x86 (RetroEnvironment.cpp.musync::reportAppVersionString.57)
2023-08-24T14:07:47.233441Z: t=5518: Always: RetroEnvironment: reportDetailedOsVersionInfo: OSVer: 10.0.0; AppVer: 6.5.3.1 (RetroEnvironment.cpp.musync::reportDetailedOsVersionInfo.78)
2023-08-24T14:07:47.233499Z: t=5518: Always: RetroEnvironment: reportHostVersionInfo: kHostVersion: 34 (RetroEnvironment.cpp.musync::reportHostVersionInfo.87)
2023-08-24T14:07:47.234036Z: t=5518: Info: Loading plugins from folder: 'C:\Program Files (x86)\Adobe\Adobe Sync\CoreSyncPlugins'
2023-08-24T14:07:47.234277Z: t=5518: Info: Loading plugins from folder: 'C:\Program Files (x86)\Adobe\Adobe Sync\CoreSyncPlugins\LiveType'
2023-08-24T14:07:47.235955Z: t=5518: Info: Plugin loaded: 'C:\Program Files (x86)\Adobe\Adobe Sync\CoreSyncPlugins\LiveType\LiveType.dll'
2023-08-24T14:07:47.236101Z: t=5518: Info: AppHookControllerImpl::onStartup in
2023-08-24T14:07:47.236652Z: t=5518: Info: [livetype] onStartup
2023-08-24T14:07:47.236788Z: t=5518: Info: [livetype] LiveType Version: 1.3.10
2023-08-24T14:07:47.238107Z: t=5518: Info: [livetype]  broadcastText any.livetype.StateChanged (broadcast: running=TRUE, signedIn=FALSE, syncStatus=OFF)
2023-08-24T14:07:47.238734Z: t=5518: Info: [livetype] onStartup => success
2023-08-24T14:07:47.238827Z: t=5518: Info: AppHookControllerImpl::onStartup out
2023-08-24T14:07:47.238897Z: t=5518: Info: jura: Begin Starting network monitor (NetworkMonitor_win.cpp.`anonymous-namespace'::WNetworkMonitor::start.195)
2023-08-24T14:07:47.270596Z: t=5518: Info: jura: End Starting network monitor (NetworkMonitor_win.cpp.`anonymous-namespace'::WNetworkMonitor::start.195)
2023-08-24T14:07:47.271003Z: t=5518: Info: FolderPersistenceSqliteImpl: VerifyAndRepair: checking DB structure (FolderPersistenceSqliteImpl.cpp.sibcrux::SyncSvc::FolderPersistenceSqliteImpl::VerifyAndRepair.586)
2023-08-24T14:07:47.271369Z: t=5518: Info: jura.db.verification: Database Integrity Verification Started (DatabaseVerifier.cpp.jura::DatabaseVerifier::verifyIntegrity.346)
2023-08-24T14:07:47.271668Z: t=5518: Info: jura.db.verification: Database Integrity Verification Succeeded (DatabaseVerifier.cpp.jura::DatabaseVerifier::verifyIntegrity.361)
2023-08-24T14:07:47.271830Z: t=5518: Info: jura.db.verification: Database Schema Verification Started (DatabaseVerifier.cpp.jura::DatabaseVerifier::verifySchema.371)
2023-08-24T14:07:47.272377Z: t=5518: Info: jura.db.verification: Database Schema Verification Succeeded (DatabaseVerifier.cpp.jura::DatabaseVerifier::verifySchema.415)
2023-08-24T14:07:47.272468Z: t=5518: Info: FolderPersistenceSqliteImpl: VerifyAndRepair: result is 1 (FolderPersistenceSqliteImpl.cpp.sibcrux::SyncSvc::FolderPersistenceSqliteImpl::VerifyAndRepair.611)
2023-08-24T14:07:47.272600Z: t=5518: Info: CoreSyncDBEnvironment: coresync.db migration successful/not required already on latest schema (CoreSyncDBEnvironment.cpp.musync::CoreSyncDBEnvironment::start.51)
2023-08-24T14:07:47.272662Z: t=5518: Info: LocalisingEnvironment: start (LocalisingEnvironment.cpp.musync::LocalisingEnvironment::start.30)
2023-08-24T14:07:47.281333Z: t=5518: Info: jura.db: Opened database at C:\Users\PSD ARTIST\AppData\Roaming\Adobe\CoreSync\CCCg_a5a94add1efb8f7012d938cfb3de6e60.db (Database.cpp.jura::Database::Database.104)
2023-08-24T14:07:47.281476Z: t=5518: Info: jura.db.verification: Database Integrity Verification Started (DatabaseVerifier.cpp.jura::DatabaseVerifier::verifyIntegrity.346)
2023-08-24T14:07:47.281994Z: t=5518: Info: jura.db.verification: Database Integrity Verification Succeeded (DatabaseVerifier.cpp.jura::DatabaseVerifier::verifyIntegrity.361)
2023-08-24T14:07:47.282161Z: t=5518: Info: jura.db.verification: Database Integrity Verification Started (DatabaseVerifier.cpp.jura::DatabaseVerifier::verifyIntegrity.346)
2023-08-24T14:07:47.282310Z: t=5518: Info: jura.db.verification: Database Integrity Verification Succeeded (DatabaseVerifier.cpp.jura::DatabaseVerifier::verifyIntegrity.361)
2023-08-24T14:07:47.282389Z: t=5518: Info: jura.db.verification: Database Schema Verification Started (DatabaseVerifier.cpp.jura::DatabaseVerifier::verifySchema.371)
2023-08-24T14:07:47.282708Z: t=5518: Info: jura.db.verification: Database Schema Verification Succeeded (DatabaseVerifier.cpp.jura::DatabaseVerifier::verifySchema.415)
2023-08-24T14:07:47.283006Z: t=5518: Info: jura.db: Closed database at C:\Users\PSD ARTIST\AppData\Roaming\Adobe\CoreSync\CCCg_a5a94add1efb8f7012d938cfb3de6e60.db (Database.cpp.jura::Database::close.165)
2023-08-24T14:07:47.284360Z: t=3848: Info: app: Begin Starting up (AppController.cpp.musync::AppControllerImpl::startHandler.498)
2023-08-24T14:07:47.286383Z: t=3848: Info: app: Sending ETS event for: CORESYNC_PROCESS_STARTING_UP.CORESYNC_PROCESS (AppController.cpp.musync::AppControllerImpl::dispatchCoreSyncProcessNotification.437)
2023-08-24T14:07:47.286576Z: t=3848: Info: AnalyticsEnvironment: IngestEventProcessor::sendEvent for Process:process:start (IngestEventProcesssor.cpp.musync::analyticsPrivate::IngestEventProcessor::sendEvent.355)
2023-08-24T14:07:47.286803Z: t=3848: Info: ipc: Broadcasting sync.out.broadcast.app.startedup 0658434f-a5c9-4d55-ba55-4931edb03a4f (CoreSyncController.cpp.musync::CoreSyncControllerImpl::LogHelper::sendBroadcast.292)
2023-08-24T14:07:47.287436Z: t=3848: Error: cssettings: Failed in reading registry for feature : MaxLogFileSize Error : Cannot open registry key 'Software\Policies\Adobe\CreativeCloud' in 'HKEY_CURRENT_USER': The system cannot find the file specified. (error 2) (cssettings.cpp.sibcrux::CsGetFeatureValue.1863)
2023-08-24T14:07:47.287540Z: t=3848: Info: cssettings: Feature MaxLogFileSize value is  (cssettings.cpp.sibcrux::CsGetFeatureValue.1885)
2023-08-24T14:07:47.287689Z: t=3848: Info: IdentityManager: Begin initializeNGL (IdentityManager.cpp.adobe::identitymanagement::IdentityManagerImpl::setHandlers.205)
2023-08-24T14:07:47.287735Z: t=20c8: Info: [livetype] onTextReceived sync.out.broadcast.app.startedup
2023-08-24T14:07:47.287764Z: t=3848: Info: IdentityManager: isCachedProfileValid - No UserProfile cached (IdentityManager.cpp.adobe::identitymanagement::IdentityManagerImpl::isCachedProfileValid.709)
2023-08-24T14:07:47.287883Z: t=3848: Info: IdentityManager: End initializeNGL (IdentityManager.cpp.adobe::identitymanagement::IdentityManagerImpl::setHandlers.205)
2023-08-24T14:07:47.287942Z: t=3848: Info: app: Starting IM HealthCheck timer (AppController.cpp.musync::AppControllerImpl::startIMHealthCheckTimer.1076)
2023-08-24T14:07:47.288042Z: t=3848: Info: app: End Starting up (AppController.cpp.musync::AppControllerImpl::startHandler.498)
2023-08-24T14:07:47.288170Z: t=5518: Info: AppShell: End start (AppShell.cpp.musync::AppShell::startup.227)
2023-08-24T14:07:47.288173Z: t=50c0: Info: cssettings: Failed to read from registry: Cannot read registry value 'LogFileDaysLimit' in 'HKEY_CURRENT_USER\Software\Adobe\CreativeCloud' (cssettings.cpp.sibcrux::CsGetLogFileDaysLimit.1706)
2023-08-24T14:07:47.288729Z: t=50c0: Info: LOG_FILE_DAYS_LIMIT : 30 (cssettings.cpp.sibcrux::CsCleanUpOldLogFiles.684)
2023-08-24T14:07:47.298520Z: t=50c0: GsCleanUpLogs: deleted C:\Users\PSDART~1\AppData\Local\Temp\CreativeCloud\CoreSync\CoreSync-2023-07-25.log.gzip
2023-08-24T14:07:47.302752Z: t=521c: Info: NglWrapper: End initializeNGL PROD (NglWrapper.cpp.adobe::identitymanagement::NglWrapper::initializeNGL.159)
2023-08-24T14:07:47.304901Z: t=207c: Info: IdentityManager: profileReadyNotifier - pId 2 (IdentityManager.cpp.adobe::identitymanagement::IdentityManagerImpl::initialize::<lambda_640d88d6311162b65a816a7c3feeab56>::operator ().187)
2023-08-24T14:07:47.305197Z: t=521c: Info: IdentityManager: Begin handleNGLProfileUpdate (IdentityManager.cpp.adobe::identitymanagement::IdentityManagerImpl::handleNGLProfileUpdate.947)
2023-08-24T14:07:47.305307Z: t=521c: Info: IdentityManager: handleNGLProfileUpdate - pId 2 code: NglStatusCode:403 (IdentityManager.cpp.adobe::identitymanagement::IdentityManagerImpl::handleNGLProfileUpdate.959)
2023-08-24T14:07:47.305403Z: t=521c: Info: AnalyticsEnvironment: IngestEventProcessor::sendEvent for Profile Update:profile-update:info (IngestEventProcesssor.cpp.musync::analyticsPrivate::IngestEventProcessor::sendEvent.355)
2023-08-24T14:07:47.305489Z: t=521c: Info: IdentityManager: Resetting - profile  (IdentityManager.cpp.adobe::identitymanagement::IdentityManagerImpl::resetUserProfile.693)
2023-08-24T14:07:47.305551Z: t=521c: Info: IdentityManager: End handleNGLProfileUpdate (IdentityManager.cpp.adobe::identitymanagement::IdentityManagerImpl::handleNGLProfileUpdate.947)
2023-08-24T14:08:02.311954Z: t=50c0: Info: AnalyticsEnvironment: IngestEventProcessor::sendEvent for Stat:log-file-size:service (IngestEventProcesssor.cpp.musync::analyticsPrivate::IngestEventProcessor::sendEvent.355)
2023-08-24T14:08:02.312740Z: t=50c0: Info: app: setTargetDataRates: 0 upload, 0 download (AppController.cpp.musync::AppControllerImpl::LogPreferencesData.494)
