2023-08-23T10:15:36.899481Z: t=1d1c: Info: jura: Connectivity change was: online, now: offline (NetworkMonitor_win.cpp.`anonymous-namespace'::NetworkEventSink::ConnectivityChanged.145)
2023-08-23T10:15:37.498528Z: t=3770: Info: jura:  sendNotificationTask: _state: offline (NetworkMonitor_win.cpp.`anonymous-namespace'::NetworkEventSink::{ctor}::<lambda_6eff3d311e5c55b0f7531743bce83e87>::operator ().56)
2023-08-23T10:15:37.867479Z: t=1f44: Info: system: Dispatching incoming WAKE event (WSystemObserver.cpp.musync::WSystemObserverImpl::translateNotification.92)
2023-08-23T10:15:37.867892Z: t=1f44: Info: AnalyticsEnvironment: IngestEventProcessor::sendEvent for System State:wakeup:info (IngestEventProcesssor.cpp.musync::analyticsPrivate::IngestEventProcessor::sendEvent.355)
2023-08-23T10:15:39.709339Z: t=1d1c: Info: jura: Connectivity change was: offline, now: online (NetworkMonitor_win.cpp.`anonymous-namespace'::NetworkEventSink::ConnectivityChanged.145)
2023-08-23T10:15:40.240057Z: t=3770: Info: jura:  sendNotificationTask: _state: online (NetworkMonitor_win.cpp.`anonymous-namespace'::NetworkEventSink::{ctor}::<lambda_6eff3d311e5c55b0f7531743bce83e87>::operator ().56)
2023-08-23T10:15:58.803900Z: t=31a0: Info: LOG_FILE_DAYS_LIMIT : 30 (cssettings.cpp.sibcrux::CsCleanUpOldLogFiles.684)
2023-08-23T10:15:58.813418Z: t=31a0: GsCleanUpLogs: deleted C:\Users\PSDART~1\AppData\Local\Temp\CreativeCloud\CoreSync\CoreSync-2023-07-23.log.gzip
2023-08-23T10:15:58.820879Z: t=31a0: GsCleanUpLogs: deleted C:\Users\PSDART~1\AppData\Local\Temp\CreativeCloud\CoreSync\CoreSync-2023-07-24.log.gzip
2023-08-23T10:16:03.834441Z: t=31a0: Info: AnalyticsEnvironment: IngestEventProcessor::sendEvent for Stat:log-file-size:service (IngestEventProcesssor.cpp.musync::analyticsPrivate::IngestEventProcessor::sendEvent.355)
2023-08-23T10:16:03.835636Z: t=31a0: Info: app: setTargetDataRates: 0 upload, 0 download (AppController.cpp.musync::AppControllerImpl::LogPreferencesData.494)
2023-08-23T10:28:07.700465Z: t=04d4: Info: jura: Connectivity change was: online, now: offline (NetworkMonitor_win.cpp.`anonymous-namespace'::NetworkEventSink::ConnectivityChanged.145)
2023-08-23T10:28:08.211232Z: t=19a0: Info: jura:  sendNotificationTask: _state: offline (NetworkMonitor_win.cpp.`anonymous-namespace'::NetworkEventSink::{ctor}::<lambda_6eff3d311e5c55b0f7531743bce83e87>::operator ().56)
2023-08-23T10:28:23.002724Z: t=495c: Info: jura: Connectivity change was: offline, now: online (NetworkMonitor_win.cpp.`anonymous-namespace'::NetworkEventSink::ConnectivityChanged.145)
2023-08-23T10:28:23.517304Z: t=19a0: Info: jura:  sendNotificationTask: _state: online (NetworkMonitor_win.cpp.`anonymous-namespace'::NetworkEventSink::{ctor}::<lambda_6eff3d311e5c55b0f7531743bce83e87>::operator ().56)
2023-08-23T10:28:31.425592Z: t=3550: Info: jura: Connectivity change was: online, now: offline (NetworkMonitor_win.cpp.`anonymous-namespace'::NetworkEventSink::ConnectivityChanged.145)
2023-08-23T10:28:31.436526Z: t=3550: Info: jura: Connectivity change was: offline, now: online (NetworkMonitor_win.cpp.`anonymous-namespace'::NetworkEventSink::ConnectivityChanged.145)
2023-08-23T10:28:31.944164Z: t=19a0: Info: jura:  sendNotificationTask: _state: online (NetworkMonitor_win.cpp.`anonymous-namespace'::NetworkEventSink::{ctor}::<lambda_6eff3d311e5c55b0f7531743bce83e87>::operator ().56)
2023-08-23T10:28:41.917034Z: t=56ac: Info: jura: Connectivity change was: online, now: offline (NetworkMonitor_win.cpp.`anonymous-namespace'::NetworkEventSink::ConnectivityChanged.145)
2023-08-23T10:28:42.424257Z: t=19a0: Info: jura:  sendNotificationTask: _state: offline (NetworkMonitor_win.cpp.`anonymous-namespace'::NetworkEventSink::{ctor}::<lambda_6eff3d311e5c55b0f7531743bce83e87>::operator ().56)
2023-08-23T10:28:47.472074Z: t=3550: Info: jura: Connectivity change was: offline, now: online (NetworkMonitor_win.cpp.`anonymous-namespace'::NetworkEventSink::ConnectivityChanged.145)
2023-08-23T10:28:47.978736Z: t=19a0: Info: jura:  sendNotificationTask: _state: online (NetworkMonitor_win.cpp.`anonymous-namespace'::NetworkEventSink::{ctor}::<lambda_6eff3d311e5c55b0f7531743bce83e87>::operator ().56)
2023-08-23T10:42:59.597901Z: t=2bc0: Info: jura: Connectivity change was: online, now: offline (NetworkMonitor_win.cpp.`anonymous-namespace'::NetworkEventSink::ConnectivityChanged.145)
2023-08-23T10:43:00.107071Z: t=0fd4: Info: jura:  sendNotificationTask: _state: offline (NetworkMonitor_win.cpp.`anonymous-namespace'::NetworkEventSink::{ctor}::<lambda_6eff3d311e5c55b0f7531743bce83e87>::operator ().56)
2023-08-23T10:43:11.736249Z: t=5920: Info: jura: Connectivity change was: offline, now: online (NetworkMonitor_win.cpp.`anonymous-namespace'::NetworkEventSink::ConnectivityChanged.145)
2023-08-23T10:43:12.251531Z: t=0fd4: Info: jura:  sendNotificationTask: _state: online (NetworkMonitor_win.cpp.`anonymous-namespace'::NetworkEventSink::{ctor}::<lambda_6eff3d311e5c55b0f7531743bce83e87>::operator ().56)
2023-08-23T10:43:30.691281Z: t=070c: Info: jura: Connectivity change was: online, now: offline (NetworkMonitor_win.cpp.`anonymous-namespace'::NetworkEventSink::ConnectivityChanged.145)
2023-08-23T10:43:31.198403Z: t=0fd4: Info: jura:  sendNotificationTask: _state: offline (NetworkMonitor_win.cpp.`anonymous-namespace'::NetworkEventSink::{ctor}::<lambda_6eff3d311e5c55b0f7531743bce83e87>::operator ().56)
2023-08-23T10:43:36.237415Z: t=5920: Info: jura: Connectivity change was: offline, now: online (NetworkMonitor_win.cpp.`anonymous-namespace'::NetworkEventSink::ConnectivityChanged.145)
2023-08-23T10:43:36.740765Z: t=0fd4: Info: jura:  sendNotificationTask: _state: online (NetworkMonitor_win.cpp.`anonymous-namespace'::NetworkEventSink::{ctor}::<lambda_6eff3d311e5c55b0f7531743bce83e87>::operator ().56)
2023-08-23T10:46:44.687495Z: t=1f44: Info: system: Dispatching incoming SLEEP event (WSystemObserver.cpp.musync::WSystemObserverImpl::translateNotification.106)
2023-08-23T10:46:44.687752Z: t=1f44: Info: AnalyticsEnvironment: IngestEventProcessor::sendEvent for System State:sleep:info (IngestEventProcesssor.cpp.musync::analyticsPrivate::IngestEventProcessor::sendEvent.355)
2023-08-23T10:46:46.712859Z: t=4efc: Info: jura: Connectivity change was: online, now: offline (NetworkMonitor_win.cpp.`anonymous-namespace'::NetworkEventSink::ConnectivityChanged.145)
2023-08-23T10:46:47.223937Z: t=2a44: Info: jura:  sendNotificationTask: _state: offline (NetworkMonitor_win.cpp.`anonymous-namespace'::NetworkEventSink::{ctor}::<lambda_6eff3d311e5c55b0f7531743bce83e87>::operator ().56)
2023-08-23T17:17:15.552274Z: t=1f44: Info: system: Dispatching incoming WAKE event (WSystemObserver.cpp.musync::WSystemObserverImpl::translateNotification.92)
2023-08-23T17:17:15.552409Z: t=1f44: Info: AnalyticsEnvironment: IngestEventProcessor::sendEvent for System State:wakeup:info (IngestEventProcesssor.cpp.musync::analyticsPrivate::IngestEventProcessor::sendEvent.355)
2023-08-23T17:17:19.251295Z: t=04d8: Info: jura: Connectivity change was: offline, now: online (NetworkMonitor_win.cpp.`anonymous-namespace'::NetworkEventSink::ConnectivityChanged.145)
2023-08-23T17:17:19.756979Z: t=2a44: Info: jura:  sendNotificationTask: _state: online (NetworkMonitor_win.cpp.`anonymous-namespace'::NetworkEventSink::{ctor}::<lambda_6eff3d311e5c55b0f7531743bce83e87>::operator ().56)
