Tue Aug 01 2023 15:01:51 GMT+0530 (India Standard Time) Loading settings: settings.json
Tue Aug 01 2023 15:01:51 GMT+0530 (India Standard Time) Panel Initialized: v3.24.22
Tue Aug 01 2023 15:01:51 GMT+0530 (India Standard Time) [PERFORMANCE] Metric: Load Panel, Duration: 196ms
Wed Aug 02 2023 01:16:34 GMT+0530 (India Standard Time) Loading settings: settings.json
Wed Aug 02 2023 01:16:36 GMT+0530 (India Standard Time) Panel Initialized: v3.24.22
Wed Aug 02 2023 01:16:36 GMT+0530 (India Standard Time) [PERFORMANCE] Metric: Load Panel, Duration: 1582ms
Thu Aug 03 2023 00:39:26 GMT+0530 (India Standard Time) Loading settings: settings.json
Thu Aug 03 2023 00:39:26 GMT+0530 (India Standard Time) Panel Initialized: v3.24.22
Thu Aug 03 2023 00:39:26 GMT+0530 (India Standard Time) [PERFORMANCE] Metric: Load Panel, Duration: 333ms
Fri Aug 11 2023 02:59:33 GMT+0530 (India Standard Time) Loading settings: settings.json
Fri Aug 11 2023 02:59:34 GMT+0530 (India Standard Time) Panel Initialized: v3.24.22
Fri Aug 11 2023 02:59:34 GMT+0530 (India Standard Time) [PERFORMANCE] Metric: Load Panel, Duration: 824ms
Sat Aug 12 2023 00:55:16 GMT+0530 (India Standard Time) Loading settings: settings.json
Sat Aug 12 2023 00:55:18 GMT+0530 (India Standard Time) Panel Initialized: v3.24.22
Sat Aug 12 2023 00:55:18 GMT+0530 (India Standard Time) [PERFORMANCE] Metric: Load Panel, Duration: 1579ms
Sat Aug 12 2023 03:24:40 GMT+0530 (India Standard Time) Loading settings: settings.json
Sat Aug 12 2023 03:24:40 GMT+0530 (India Standard Time) Panel Initialized: v3.24.22
Sat Aug 12 2023 03:24:40 GMT+0530 (India Standard Time) [PERFORMANCE] Metric: Load Panel, Duration: 184ms
Sat Aug 12 2023 03:31:16 GMT+0530 (India Standard Time) Loading settings: settings.json
Sat Aug 12 2023 03:31:16 GMT+0530 (India Standard Time) Panel Initialized: v3.24.22
Sat Aug 12 2023 03:31:16 GMT+0530 (India Standard Time) [PERFORMANCE] Metric: Load Panel, Duration: 240ms
Sat Aug 12 2023 18:49:10 GMT+0530 (India Standard Time) Loading settings: settings.json
Sat Aug 12 2023 18:49:11 GMT+0530 (India Standard Time) Panel Initialized: v3.24.22
Sat Aug 12 2023 18:49:11 GMT+0530 (India Standard Time) [PERFORMANCE] Metric: Load Panel, Duration: 191ms
Sun Aug 20 2023 09:10:53 GMT+0530 (India Standard Time) Loading settings: settings.json
Sun Aug 20 2023 09:10:53 GMT+0530 (India Standard Time) Panel Initialized: v3.24.22
Sun Aug 20 2023 09:10:53 GMT+0530 (India Standard Time) [PERFORMANCE] Metric: Load Panel, Duration: 752ms
Sun Aug 20 2023 10:00:44 GMT+0530 (India Standard Time) Loading settings: settings.json
Sun Aug 20 2023 10:00:44 GMT+0530 (India Standard Time) Panel Initialized: v3.24.22
Sun Aug 20 2023 10:00:44 GMT+0530 (India Standard Time) [PERFORMANCE] Metric: Load Panel, Duration: 164ms
Sun Aug 20 2023 20:45:13 GMT+0530 (India Standard Time) Loading settings: settings.json
Sun Aug 20 2023 20:45:13 GMT+0530 (India Standard Time) Panel Initialized: v3.24.22
Sun Aug 20 2023 20:45:13 GMT+0530 (India Standard Time) [PERFORMANCE] Metric: Load Panel, Duration: 206ms
Mon Aug 21 2023 00:05:40 GMT+0530 (India Standard Time) Loading settings: settings.json
Mon Aug 21 2023 00:05:41 GMT+0530 (India Standard Time) Panel Initialized: v3.24.22
Mon Aug 21 2023 00:05:41 GMT+0530 (India Standard Time) [PERFORMANCE] Metric: Load Panel, Duration: 288ms
