Mon Jan 02 2023 00:24:57 GMT+0530 (India Standard Time) Loading settings: settings.json
Mon Jan 02 2023 00:24:57 GMT+0530 (India Standard Time) Panel Initialized: v3.19.218-2
Mon Jan 02 2023 00:24:57 GMT+0530 (India Standard Time) [PERFORMANCE] Metric: Load Panel, Duration: 113ms
Mon Jan 02 2023 12:51:58 GMT+0530 (India Standard Time) Loading settings: settings.json
Mon Jan 02 2023 12:51:59 GMT+0530 (India Standard Time) Panel Initialized: v3.19.218-2
Mon Jan 02 2023 12:51:59 GMT+0530 (India Standard Time) [PERFORMANCE] Metric: Load Panel, Duration: 893ms
Mon Jan 02 2023 13:44:50 GMT+0530 (India Standard Time) Loading settings: settings.json
Mon Jan 02 2023 13:44:50 GMT+0530 (India Standard Time) Panel Initialized: v3.19.218-2
Mon Jan 02 2023 13:44:50 GMT+0530 (India Standard Time) [PERFORMANCE] Metric: Load Panel, Duration: 266ms
Fri Jan 06 2023 02:34:30 GMT+0530 (India Standard Time) Loading settings: settings.json
Fri Jan 06 2023 02:34:30 GMT+0530 (India Standard Time) Panel Initialized: v3.19.218-2
Fri Jan 06 2023 02:34:30 GMT+0530 (India Standard Time) [PERFORMANCE] Metric: Load Panel, Duration: 192ms
Thu Jan 12 2023 15:56:14 GMT+0530 (India Standard Time) Loading settings: settings.json
Thu Jan 12 2023 15:56:14 GMT+0530 (India Standard Time) Panel Initialized: v3.19.218-2
Thu Jan 12 2023 15:56:14 GMT+0530 (India Standard Time) [PERFORMANCE] Metric: Load Panel, Duration: 351ms
Thu Jan 12 2023 21:18:48 GMT+0530 (India Standard Time) Loading settings: settings.json
Thu Jan 12 2023 21:18:48 GMT+0530 (India Standard Time) Panel Initialized: v3.19.218-2
Thu Jan 12 2023 21:18:48 GMT+0530 (India Standard Time) [PERFORMANCE] Metric: Load Panel, Duration: 154ms
Mon Jan 16 2023 21:53:25 GMT+0530 (India Standard Time) Loading settings: settings.json
Mon Jan 16 2023 21:53:25 GMT+0530 (India Standard Time) Panel Initialized: v3.19.218-2
Mon Jan 16 2023 21:53:25 GMT+0530 (India Standard Time) [PERFORMANCE] Metric: Load Panel, Duration: 727ms
Mon Jan 16 2023 21:54:48 GMT+0530 (India Standard Time) Loading settings: settings.json
Mon Jan 16 2023 21:54:48 GMT+0530 (India Standard Time) Panel Initialized: v3.19.218-2
Mon Jan 16 2023 21:54:48 GMT+0530 (India Standard Time) [PERFORMANCE] Metric: Load Panel, Duration: 403ms
Tue Jan 17 2023 14:37:56 GMT+0530 (India Standard Time) Loading settings: settings.json
Tue Jan 17 2023 14:37:56 GMT+0530 (India Standard Time) Panel Initialized: v3.19.218-2
Tue Jan 17 2023 14:37:56 GMT+0530 (India Standard Time) [PERFORMANCE] Metric: Load Panel, Duration: 164ms
Tue Jan 17 2023 21:32:05 GMT+0530 (India Standard Time) Loading settings: settings.json
Tue Jan 17 2023 21:32:05 GMT+0530 (India Standard Time) Panel Initialized: v3.19.218-2
Tue Jan 17 2023 21:32:05 GMT+0530 (India Standard Time) [PERFORMANCE] Metric: Load Panel, Duration: 155ms
Wed Jan 18 2023 23:58:44 GMT+0530 (India Standard Time) Loading settings: settings.json
Wed Jan 18 2023 23:58:44 GMT+0530 (India Standard Time) Panel Initialized: v3.19.218-2
Wed Jan 18 2023 23:58:44 GMT+0530 (India Standard Time) [PERFORMANCE] Metric: Load Panel, Duration: 123ms
Thu Jan 19 2023 18:27:04 GMT+0530 (India Standard Time) Loading settings: settings.json
Thu Jan 19 2023 18:27:04 GMT+0530 (India Standard Time) Panel Initialized: v3.19.218-2
Thu Jan 19 2023 18:27:04 GMT+0530 (India Standard Time) [PERFORMANCE] Metric: Load Panel, Duration: 404ms
Fri Jan 20 2023 21:49:20 GMT+0530 (India Standard Time) Loading settings: settings.json
Fri Jan 20 2023 21:49:20 GMT+0530 (India Standard Time) Panel Initialized: v3.19.218-2
Fri Jan 20 2023 21:49:20 GMT+0530 (India Standard Time) [PERFORMANCE] Metric: Load Panel, Duration: 489ms
Sat Jan 21 2023 02:48:17 GMT+0530 (India Standard Time) Loading settings: settings.json
Sat Jan 21 2023 02:48:17 GMT+0530 (India Standard Time) Panel Initialized: v3.19.218-2
Sat Jan 21 2023 02:48:17 GMT+0530 (India Standard Time) [PERFORMANCE] Metric: Load Panel, Duration: 204ms
Sat Jan 21 2023 02:57:24 GMT+0530 (India Standard Time) Loading settings: settings.json
Sat Jan 21 2023 02:57:24 GMT+0530 (India Standard Time) Panel Initialized: v3.19.218-2
Sat Jan 21 2023 02:57:24 GMT+0530 (India Standard Time) [PERFORMANCE] Metric: Load Panel, Duration: 189ms
Sat Jan 21 2023 22:54:02 GMT+0530 (India Standard Time) Loading settings: settings.json
Sat Jan 21 2023 22:54:02 GMT+0530 (India Standard Time) Panel Initialized: v3.19.218-2
Sat Jan 21 2023 22:54:02 GMT+0530 (India Standard Time) [PERFORMANCE] Metric: Load Panel, Duration: 181ms
Mon Jan 23 2023 06:00:57 GMT+0530 (India Standard Time) Loading settings: settings.json
Mon Jan 23 2023 06:00:58 GMT+0530 (India Standard Time) Panel Initialized: v3.19.218-2
Mon Jan 23 2023 06:00:58 GMT+0530 (India Standard Time) [PERFORMANCE] Metric: Load Panel, Duration: 609ms
Mon Jan 23 2023 12:59:30 GMT+0530 (India Standard Time) Loading settings: settings.json
Mon Jan 23 2023 12:59:30 GMT+0530 (India Standard Time) Panel Initialized: v3.19.218-2
Mon Jan 23 2023 12:59:30 GMT+0530 (India Standard Time) [PERFORMANCE] Metric: Load Panel, Duration: 563ms
Mon Jan 23 2023 22:14:29 GMT+0530 (India Standard Time) Loading settings: settings.json
Mon Jan 23 2023 22:14:30 GMT+0530 (India Standard Time) Panel Initialized: v3.19.218-2
Mon Jan 23 2023 22:14:30 GMT+0530 (India Standard Time) [PERFORMANCE] Metric: Load Panel, Duration: 450ms
Mon Jan 30 2023 21:35:36 GMT+0530 (India Standard Time) Loading settings: settings.json
Mon Jan 30 2023 21:35:36 GMT+0530 (India Standard Time) Panel Initialized: v3.19.218-2
Mon Jan 30 2023 21:35:36 GMT+0530 (India Standard Time) [PERFORMANCE] Metric: Load Panel, Duration: 252ms
Mon Jan 30 2023 22:47:33 GMT+0530 (India Standard Time) Loading settings: settings.json
Mon Jan 30 2023 22:47:33 GMT+0530 (India Standard Time) Panel Initialized: v3.19.218-2
Mon Jan 30 2023 22:47:33 GMT+0530 (India Standard Time) [PERFORMANCE] Metric: Load Panel, Duration: 255ms
Mon Jan 30 2023 22:48:46 GMT+0530 (India Standard Time) Loading settings: settings.json
Mon Jan 30 2023 22:48:47 GMT+0530 (India Standard Time) Panel Initialized: v3.19.218-2
Mon Jan 30 2023 22:48:47 GMT+0530 (India Standard Time) [PERFORMANCE] Metric: Load Panel, Duration: 527ms
Mon Jan 30 2023 23:06:50 GMT+0530 (India Standard Time) Loading settings: settings.json
Mon Jan 30 2023 23:06:50 GMT+0530 (India Standard Time) Panel Initialized: v3.19.218-2
Mon Jan 30 2023 23:06:50 GMT+0530 (India Standard Time) [PERFORMANCE] Metric: Load Panel, Duration: 303ms
Tue Feb 14 2023 14:03:24 GMT+0530 (India Standard Time) Loading settings: settings.json
Tue Feb 14 2023 14:03:24 GMT+0530 (India Standard Time) Panel Initialized: v3.19.218-2
Tue Feb 14 2023 14:03:24 GMT+0530 (India Standard Time) [PERFORMANCE] Metric: Load Panel, Duration: 235ms
Mon Feb 20 2023 17:35:19 GMT+0530 (India Standard Time) Loading settings: settings.json
Mon Feb 20 2023 17:35:19 GMT+0530 (India Standard Time) Panel Initialized: v3.19.218-2
Mon Feb 20 2023 17:35:19 GMT+0530 (India Standard Time) [PERFORMANCE] Metric: Load Panel, Duration: 233ms
Tue Feb 21 2023 00:06:55 GMT+0530 (India Standard Time) Loading settings: settings.json
Tue Feb 21 2023 00:06:56 GMT+0530 (India Standard Time) Panel Initialized: v3.19.218-2
Tue Feb 21 2023 00:06:56 GMT+0530 (India Standard Time) [PERFORMANCE] Metric: Load Panel, Duration: 441ms
Tue Feb 21 2023 02:59:11 GMT+0530 (India Standard Time) Loading settings: settings.json
Tue Feb 21 2023 02:59:12 GMT+0530 (India Standard Time) Panel Initialized: v3.19.218-2
Tue Feb 21 2023 02:59:12 GMT+0530 (India Standard Time) [PERFORMANCE] Metric: Load Panel, Duration: 464ms
Tue Feb 21 2023 07:01:17 GMT+0530 (India Standard Time) Loading settings: settings.json
Tue Feb 21 2023 07:01:17 GMT+0530 (India Standard Time) Panel Initialized: v3.19.218-2
Tue Feb 21 2023 07:01:17 GMT+0530 (India Standard Time) [PERFORMANCE] Metric: Load Panel, Duration: 258ms
Tue Feb 21 2023 11:39:43 GMT+0530 (India Standard Time) Loading settings: settings.json
Tue Feb 21 2023 11:39:44 GMT+0530 (India Standard Time) Panel Initialized: v3.19.218-2
Tue Feb 21 2023 11:39:44 GMT+0530 (India Standard Time) [PERFORMANCE] Metric: Load Panel, Duration: 758ms
Tue Feb 21 2023 12:04:27 GMT+0530 (India Standard Time) Loading settings: settings.json
Tue Feb 21 2023 12:04:27 GMT+0530 (India Standard Time) Panel Initialized: v3.19.218-2
Tue Feb 21 2023 12:04:27 GMT+0530 (India Standard Time) [PERFORMANCE] Metric: Load Panel, Duration: 114ms
Tue Feb 21 2023 12:55:54 GMT+0530 (India Standard Time) Loading settings: settings.json
Tue Feb 21 2023 12:55:54 GMT+0530 (India Standard Time) Panel Initialized: v3.19.218-2
Tue Feb 21 2023 12:55:54 GMT+0530 (India Standard Time) [PERFORMANCE] Metric: Load Panel, Duration: 113ms
Thu Feb 23 2023 05:52:04 GMT+0530 (India Standard Time) Loading settings: settings.json
Thu Feb 23 2023 05:52:04 GMT+0530 (India Standard Time) Panel Initialized: v3.19.218-2
Thu Feb 23 2023 05:52:04 GMT+0530 (India Standard Time) [PERFORMANCE] Metric: Load Panel, Duration: 376ms
Thu Feb 23 2023 06:08:46 GMT+0530 (India Standard Time) Loading settings: settings.json
Thu Feb 23 2023 06:08:47 GMT+0530 (India Standard Time) Panel Initialized: v3.19.218-2
Thu Feb 23 2023 06:08:47 GMT+0530 (India Standard Time) [PERFORMANCE] Metric: Load Panel, Duration: 761ms
Fri Mar 03 2023 05:25:19 GMT+0530 (India Standard Time) Loading settings: settings.json
Fri Mar 03 2023 05:25:19 GMT+0530 (India Standard Time) Panel Initialized: v3.19.218-2
Fri Mar 03 2023 05:25:19 GMT+0530 (India Standard Time) [PERFORMANCE] Metric: Load Panel, Duration: 288ms
Sat Mar 04 2023 03:30:41 GMT+0530 (India Standard Time) Loading settings: settings.json
Sat Mar 04 2023 03:30:41 GMT+0530 (India Standard Time) Panel Initialized: v3.19.218-2
Sat Mar 04 2023 03:30:41 GMT+0530 (India Standard Time) [PERFORMANCE] Metric: Load Panel, Duration: 310ms
Sat Mar 04 2023 12:22:38 GMT+0530 (India Standard Time) Loading settings: settings.json
Sat Mar 04 2023 12:22:42 GMT+0530 (India Standard Time) Panel Initialized: v3.19.218-2
Sat Mar 04 2023 12:22:42 GMT+0530 (India Standard Time) [PERFORMANCE] Metric: Load Panel, Duration: 4281ms
Sat Mar 04 2023 18:32:02 GMT+0530 (India Standard Time) Loading settings: settings.json
Sat Mar 04 2023 18:32:02 GMT+0530 (India Standard Time) Panel Initialized: v3.19.218-2
Sat Mar 04 2023 18:32:02 GMT+0530 (India Standard Time) [PERFORMANCE] Metric: Load Panel, Duration: 829ms
Thu Mar 09 2023 11:56:11 GMT+0530 (India Standard Time) Loading settings: settings.json
Thu Mar 09 2023 11:56:11 GMT+0530 (India Standard Time) Panel Initialized: v3.19.218-2
Thu Mar 09 2023 11:56:11 GMT+0530 (India Standard Time) [PERFORMANCE] Metric: Load Panel, Duration: 626ms
Sun Apr 02 2023 04:32:05 GMT+0530 (India Standard Time) Loading settings: settings.json
Sun Apr 02 2023 04:32:05 GMT+0530 (India Standard Time) Panel Initialized: v3.19.218-2
Sun Apr 02 2023 04:32:05 GMT+0530 (India Standard Time) [PERFORMANCE] Metric: Load Panel, Duration: 321ms
Thu Apr 13 2023 21:57:04 GMT+0530 (India Standard Time) Loading settings: settings.json
Thu Apr 13 2023 21:57:05 GMT+0530 (India Standard Time) Panel Initialized: v3.19.218-2
Thu Apr 13 2023 21:57:05 GMT+0530 (India Standard Time) [PERFORMANCE] Metric: Load Panel, Duration: 616ms
Fri Apr 14 2023 08:18:34 GMT+0530 (India Standard Time) Loading settings: settings.json
Fri Apr 14 2023 08:18:34 GMT+0530 (India Standard Time) Panel Initialized: v3.19.218-2
Fri Apr 14 2023 08:18:34 GMT+0530 (India Standard Time) [PERFORMANCE] Metric: Load Panel, Duration: 272ms
Thu Apr 20 2023 03:58:48 GMT+0530 (India Standard Time) Loading settings: settings.json
Thu Apr 20 2023 03:58:48 GMT+0530 (India Standard Time) Panel Initialized: v3.19.218-2
Thu Apr 20 2023 03:58:48 GMT+0530 (India Standard Time) [PERFORMANCE] Metric: Load Panel, Duration: 490ms
Tue Aug 01 2023 00:45:04 GMT+0530 (India Standard Time) Loading settings: settings.json
Tue Aug 01 2023 00:45:04 GMT+0530 (India Standard Time) Panel Initialized: v3.24.22
Tue Aug 01 2023 00:45:04 GMT+0530 (India Standard Time) [PERFORMANCE] Metric: Load Panel, Duration: 157ms
