Mon Jan 02 2023 00:24:57 GMT+0530 :  - --- Starting new session ---
Mon Jan 02 2023 12:51:59 GMT+0530 :  - --- Starting new session ---
Mon Jan 02 2023 13:44:50 GMT+0530 :  - --- Starting new session ---
Fri Jan 06 2023 02:34:31 GMT+0530 :  - --- Starting new session ---
Thu Jan 12 2023 15:56:14 GMT+0530 :  - --- Starting new session ---
Thu Jan 12 2023 21:18:48 GMT+0530 :  - --- Starting new session ---
Mon Jan 16 2023 21:53:26 GMT+0530 :  - --- Starting new session ---
Mon Jan 16 2023 21:54:48 GMT+0530 :  - --- Starting new session ---
Tue Jan 17 2023 14:37:56 GMT+0530 :  - --- Starting new session ---
Tue Jan 17 2023 21:32:05 GMT+0530 :  - --- Starting new session ---
Wed Jan 18 2023 23:58:44 GMT+0530 :  - --- Starting new session ---
Thu Jan 19 2023 18:27:04 GMT+0530 :  - --- Starting new session ---
Fri Jan 20 2023 21:49:20 GMT+0530 :  - --- Starting new session ---
Sat Jan 21 2023 02:48:17 GMT+0530 :  - --- Starting new session ---
Sat Jan 21 2023 02:57:24 GMT+0530 :  - --- Starting new session ---
Sat Jan 21 2023 22:54:02 GMT+0530 :  - --- Starting new session ---
Mon Jan 23 2023 06:00:58 GMT+0530 :  - --- Starting new session ---
Mon Jan 23 2023 12:59:30 GMT+0530 :  - --- Starting new session ---
Mon Jan 23 2023 22:14:30 GMT+0530 :  - --- Starting new session ---
Mon Jan 30 2023 21:35:36 GMT+0530 :  - --- Starting new session ---
Mon Jan 30 2023 22:47:33 GMT+0530 :  - --- Starting new session ---
Mon Jan 30 2023 22:48:47 GMT+0530 :  - --- Starting new session ---
Mon Jan 30 2023 23:06:51 GMT+0530 :  - --- Starting new session ---
Tue Feb 14 2023 14:03:24 GMT+0530 :  - --- Starting new session ---
Mon Feb 20 2023 17:35:19 GMT+0530 :  - --- Starting new session ---
Tue Feb 21 2023 00:06:56 GMT+0530 :  - --- Starting new session ---
Tue Feb 21 2023 02:59:12 GMT+0530 :  - --- Starting new session ---
Tue Feb 21 2023 07:01:17 GMT+0530 :  - --- Starting new session ---
Tue Feb 21 2023 11:39:44 GMT+0530 :  - --- Starting new session ---
Tue Feb 21 2023 12:04:27 GMT+0530 :  - --- Starting new session ---
Tue Feb 21 2023 12:55:54 GMT+0530 :  - --- Starting new session ---
Thu Feb 23 2023 05:52:04 GMT+0530 :  - --- Starting new session ---
Thu Feb 23 2023 06:08:47 GMT+0530 :  - --- Starting new session ---
Fri Mar 03 2023 05:25:19 GMT+0530 :  - --- Starting new session ---
Sat Mar 04 2023 03:30:41 GMT+0530 :  - --- Starting new session ---
Sat Mar 04 2023 12:22:42 GMT+0530 :  - --- Starting new session ---
Sat Mar 04 2023 18:32:03 GMT+0530 :  - --- Starting new session ---
Sun Apr 02 2023 04:32:06 GMT+0530 :  - --- Starting new session ---
Thu Apr 13 2023 21:57:05 GMT+0530 :  - --- Starting new session ---
Fri Apr 14 2023 08:18:34 GMT+0530 :  - --- Starting new session ---
Thu Apr 20 2023 03:58:49 GMT+0530 :  - --- Starting new session ---
Tue Aug 01 2023 00:45:04 GMT+0530 :  - --- Starting new session ---
